<?xml version="1.0" encoding="UTF-8"?>
<!-- Generated by org.testng.reporters.JUnitXMLReporter -->
<testsuite ignored="0" hostname="USPL-220" failures="2" tests="6" name="OrderTest" time="5.223" errors="0" timestamp="2024-01-31T15:51:09 IST">
  <testcase classname="NewPackage.pageObject.SubmitOrderTest" name="Landingpage" time="2.593"/>
  <testcase classname="NewPackage.pageObject.SubmitOrderTest" name="LoginIntoWebsite" time="0.269"/>
  <testcase classname="NewPackage.pageObject.SubmitOrderTest" name="GettingProduct" time="0.716"/>
  <testcase classname="NewPackage.pageObject.SubmitOrderTest" name="ClickOnCart" time="1.283"/>
  <testcase classname="NewPackage.pageObject.SubmitOrderTest" name="VeryfyingProduct" time="0.101">
    <failure type="java.lang.AssertionError" message="expected [false] but found [true]">
      <![CDATA[java.lang.AssertionError: expected [false] but found [true]
at NewPackage.pageObject.SubmitOrderTest.VeryfyingProduct(SubmitOrderTest.java:73)
at java.base/java.util.ArrayList.forEach(ArrayList.java:1511)
... Removed 31 stack frames]]>
    </failure>
  </testcase> <!-- VeryfyingProduct -->
  <testcase classname="NewPackage.pageObject.SubmitOrderTest" name="VeryfyingProduct" time="0.103">
    <failure type="java.lang.NullPointerException" message="Cannot invoke &amp;quot;org.openqa.selenium.TakesScreenshot.getScreenshotAs(org.openqa.selenium.OutputType)&amp;quot; because &amp;quot;this.driver&amp;quot; is null">
      <![CDATA[java.lang.NullPointerException: Cannot invoke "org.openqa.selenium.TakesScreenshot.getScreenshotAs(org.openqa.selenium.OutputType)" because "this.driver" is null
at reusableComponent.iTestListenerClass.captureScreenshot(iTestListenerClass.java:36)
at reusableComponent.iTestListenerClass.onTestFailure(iTestListenerClass.java:58)
at java.base/java.util.ArrayList.forEach(ArrayList.java:1511)
... Removed 24 stack frames]]>
    </failure>
  </testcase> <!-- VeryfyingProduct -->
</testsuite> <!-- OrderTest -->
